Base path: /Applications/Unity/Unity.app/Contents
Cmd: getPlatforms
Cmd: compileSnippet
  api=14 type=0 insize=1456 outsize=948 kw= pd=UNITY_ENABLE_REFLECTION_BUFFERS UNITY_PBS_USE_BRDF1 UNITY_SPECCUBE_BOX_PROJECTION UNITY_SPECCUBE_BLENDING SHADER_API_DESKTOP ok=1
Cmd: disassembleShader
  api=23 insize=948 outsize=948 ok=1
Cmd: compileSnippet
  api=0 type=0 insize=1456 outsize=910 kw=PIXELSNAP_ON pd=UNITY_ENABLE_REFLECTION_BUFFERS UNITY_PBS_USE_BRDF1 UNITY_SPECCUBE_BOX_PROJECTION UNITY_SPECCUBE_BLENDING SHADER_API_DESKTOP ok=1
Cmd: disassembleShader
  api=1 insize=910 outsize=910 ok=1
Cmd: compileSnippet
  api=15 type=0 insize=1456 outsize=1535 kw=PIXELSNAP_ON pd=UNITY_ENABLE_REFLECTION_BUFFERS UNITY_PBS_USE_BRDF1 UNITY_SPECCUBE_BOX_PROJECTION UNITY_SPECCUBE_BLENDING SHADER_API_DESKTOP ok=1
Cmd: disassembleShader
  api=6 insize=1535 outsize=1535 ok=1
Cmd: compileSnippet
  api=14 type=0 insize=1456 outsize=1236 kw=ETC1_EXTERNAL_ALPHA PIXELSNAP_ON pd=UNITY_ENABLE_REFLECTION_BUFFERS UNITY_PBS_USE_BRDF1 UNITY_SPECCUBE_BOX_PROJECTION UNITY_SPECCUBE_BLENDING SHADER_API_DESKTOP ok=1
Cmd: disassembleShader
  api=23 insize=1236 outsize=1236 ok=1
Cmd: compileSnippet
  api=14 type=1 insize=1456 outsize=783 kw= pd=UNITY_ENABLE_REFLECTION_BUFFERS UNITY_PBS_USE_BRDF1 UNITY_SPECCUBE_BOX_PROJECTION UNITY_SPECCUBE_BLENDING SHADER_API_DESKTOP ok=1
Cmd: disassembleShader
  api=24 insize=783 outsize=783 ok=1
Cmd: compileSnippet
  api=15 type=1 insize=1456 outsize=0 kw=ETC1_EXTERNAL_ALPHA PIXELSNAP_ON pd=UNITY_ENABLE_REFLECTION_BUFFERS UNITY_PBS_USE_BRDF1 UNITY_SPECCUBE_BOX_PROJECTION UNITY_SPECCUBE_BLENDING SHADER_API_DESKTOP ok=1
Cmd: disassembleShader
  api=6 insize=0 outsize=45 ok=1
Cmd: disassembleShader
  api=6 insize=1199 outsize=1199 ok=1
Cmd: disassembleShader
  api=1 insize=910 outsize=910 ok=1
Cmd: disassembleShader
  api=1 insize=1038 outsize=1038 ok=1
Cmd: disassembleShader
  api=24 insize=783 outsize=783 ok=1
Cmd: disassembleShader
  api=6 insize=0 outsize=45 ok=1
Cmd: disassembleShader
  api=6 insize=0 outsize=45 ok=1

Quitting shader compiler process
